#
# A fatal error has been detected by the Java Runtime Environment:
#
#  SIGSEGV (0xb) at pc=0x0000000106c9fedd, pid=13027, tid=0x0000000000004e03
#
# JRE version: Java(TM) SE Runtime Environment (8.0_111-b14) (build 1.8.0_111-b14)
# Java VM: Java HotSpot(TM) 64-Bit Server VM (25.111-b14 mixed mode bsd-amd64 compressed oops)
# Problematic frame:
# V  [libjvm.dylib+0x9fedd]
#
# Failed to write core dump. Core dumps have been disabled. To enable core dumping, try "ulimit -c unlimited" before starting Java again
#
# If you would like to submit a bug report, please visit:
#   http://bugreport.java.com/bugreport/crash.jsp
#

---------------  T H R E A D  ---------------

Current thread (0x00007f917300e800):  JavaThread "C2 CompilerThread1" daemon [_thread_in_native, id=19971, stack(0x00007000010cd000,0x00007000011cd000)]

siginfo: si_signo: 11 (SIGSEGV), si_code: 1 (SEGV_MAPERR), si_addr: 0x0000000000000028

Registers:
RAX=0x00007f91741c55b0, RBX=0x0000000000000000, RCX=0x00007f91741c5500, RDX=0x00007f91769ab360
RSP=0x00007000011c59a0, RBP=0x00007000011c59b0, RSI=0x0000000000000000, RDI=0x00007000011ca818
R8 =0x0000000000000000, R9 =0x0000000000000030, R10=0x0000000000000030, R11=0x00000000ffffffff
R12=0x0000000000000000, R13=0x00007000011cbf80, R14=0x00007000011ca818, R15=0x00007000011ca818
RIP=0x0000000106c9fedd, EFLAGS=0x0000000000010246, ERR=0x0000000000000004
  TRAPNO=0x000000000000000e

Top of Stack: (sp=0x00007000011c59a0)
0x00007000011c59a0:   0000000000000001 00007f91741c6358
0x00007000011c59b0:   00007000011c59e0 00000001070b2d20
0x00007000011c59c0:   00007f91741c55b0 00007f91741c55b0
0x00007000011c59d0:   00007000011c9e18 00007000011ca7a0
0x00007000011c59e0:   00007000011c5a50 00000001070b32f4
0x00007000011c59f0:   00007000011c5a50 00000001070b2ba8
0x00007000011c5a00:   00007f91741c55b0 00000011011ca7a0
0x00007000011c5a10:   00007000011c9e18 000000010705ca63
0x00007000011c5a20:   00007000011c9e18 00007f91741c55b0
0x00007000011c5a30:   00007f91741c55b0 00007000011cbf80
0x00007000011c5a40:   00007000011c9e18 00007000011ca7a0
0x00007000011c5a50:   00007000011c5a90 00000001070b424c
0x00007000011c5a60:   00007000011c5a90 0000000000000056
0x00007000011c5a70:   0000000107211d90 00007000011cbf80
0x00007000011c5a80:   00007000011c9e18 00007000011ca818
0x00007000011c5a90:   00007000011c5ad0 00000001070b3d79
0x00007000011c5aa0:   00007000011c5ad0 00007000011c7388
0x00007000011c5ab0:   000000010741adea 00007000011cbf80
0x00007000011c5ac0:   0000000000000000 00007000011c5d30
0x00007000011c5ad0:   00007000011c5e10 0000000106fe1b8c
0x00007000011c5ae0:   00007f917d047400 00007f91769a4260
0x00007000011c5af0:   0000000000000000 00007f9172603000
0x00007000011c5b00:   00000000011c5b30 0000000107173ce0
0x00007000011c5b10:   00007f9174437208 00007f917629b830
0x00007000011c5b20:   00007000011c5b60 00007fff921f5154
0x00007000011c5b30:   00007f9174516207 0000000000000041
0x00007000011c5b40:   0000000105983a00 0000000105969000
0x00007000011c5b50:   0000000105983a00 0000000000000000
0x00007000011c5b60:   00007000011c5c50 00007fff921f1ee5
0x00007000011c5b70:   00007000011c5bd0 0000000106e2f686
0x00007000011c5b80:   00007000011c5bf0 00000000f3877195
0x00007000011c5b90:   00007f91743ee308 00007f917629f928 

Instructions: (pc=0x0000000106c9fedd)
0x0000000106c9febd:   89 c1 09 f1 89 0c 97 21 f0 5d c3 55 48 89 e5 31
0x0000000106c9fecd:   c0 5d c3 55 48 89 e5 41 56 53 48 89 f3 49 89 fe
0x0000000106c9fedd:   8b 73 28 49 8d 7e 20 e8 a5 ff ff ff 85 c0 74 05
0x0000000106c9feed:   5b 41 5e 5d c3 48 89 de 4c 89 f7 5b 41 5e 5d e9 

Register to memory mapping:

RAX=0x00007f91741c55b0 is an unknown value
RBX=0x0000000000000000 is an unknown value
RCX=0x00007f91741c5500 is an unknown value
RDX=0x00007f91769ab360 is an unknown value
RSP=0x00007000011c59a0 is pointing into the stack for thread: 0x00007f917300e800
RBP=0x00007000011c59b0 is pointing into the stack for thread: 0x00007f917300e800
RSI=0x0000000000000000 is an unknown value
RDI=0x00007000011ca818 is pointing into the stack for thread: 0x00007f917300e800
R8 =0x0000000000000000 is an unknown value
R9 =0x0000000000000030 is an unknown value
R10=0x0000000000000030 is an unknown value
R11=0x00000000ffffffff is an unknown value
R12=0x0000000000000000 is an unknown value
R13=0x00007000011cbf80 is pointing into the stack for thread: 0x00007f917300e800
R14=0x00007000011ca818 is pointing into the stack for thread: 0x00007f917300e800
R15=0x00007000011ca818 is pointing into the stack for thread: 0x00007f917300e800


Stack: [0x00007000010cd000,0x00007000011cd000],  sp=0x00007000011c59a0,  free space=994k
Native frames: (J=compiled Java code, j=interpreted, Vv=VM code, C=native code)
V  [libjvm.dylib+0x9fedd]
V  [libjvm.dylib+0x4b2d20]
V  [libjvm.dylib+0x4b32f4]
V  [libjvm.dylib+0x4b424c]
V  [libjvm.dylib+0x4b3d79]
V  [libjvm.dylib+0x3e1b8c]
V  [libjvm.dylib+0x1afb0b]
V  [libjvm.dylib+0x1b2c0c]
V  [libjvm.dylib+0x1503ae]
V  [libjvm.dylib+0x1b6340]
V  [libjvm.dylib+0x1b8887]
V  [libjvm.dylib+0x56a27b]
V  [libjvm.dylib+0x56b968]
V  [libjvm.dylib+0x489b0a]
C  [libsystem_pthread.dylib+0x399d]  _pthread_body+0x83
C  [libsystem_pthread.dylib+0x391a]  _pthread_body+0x0
C  [libsystem_pthread.dylib+0x1351]  thread_start+0xd
C  0x0000000000000000


Current CompileTask:
C2:   6644 6203       4       java.awt.geom.AffineTransform::transform (635 bytes)


---------------  P R O C E S S  ---------------

Java Threads: ( => current thread )
  0x00007f917a38e800 JavaThread "Thread-5" daemon [_thread_in_native, id=83459, stack(0x0000700003239000,0x00007000032b9000)]
  0x00007f917a38a800 JavaThread "Thread-4" daemon [_thread_blocked, id=82179, stack(0x0000700003136000,0x0000700003236000)]
  0x00007f917a3bc000 JavaThread "Image Fetcher 0" daemon [_thread_blocked, id=81667, stack(0x0000700003033000,0x0000700003133000)]
  0x00007f917447a000 JavaThread "QuantumRenderer-0" daemon [_thread_blocked, id=54023, stack(0x0000700001c77000,0x0000700001d77000)]
  0x00007f91764b9800 JavaThread "DestroyJavaVM" [_thread_blocked, id=5891, stack(0x000070000011a000,0x000070000021a000)]
  0x00007f9176c14000 JavaThread "Flushing caches" [_thread_blocked, id=80647, stack(0x0000700002f30000,0x0000700003030000)]
  0x00007f9176c33800 JavaThread "TimerQueue" daemon [_thread_blocked, id=80131, stack(0x0000700002e2d000,0x0000700002f2d000)]
  0x00007f9172c56000 JavaThread "Thread-2" daemon [_thread_blocked, id=79619, stack(0x0000700002d2a000,0x0000700002e2a000)]
  0x00007f9173422000 JavaThread "FelixStartLevel" daemon [_thread_blocked, id=79107, stack(0x0000700002c27000,0x0000700002d27000)]
  0x00007f9176bff000 JavaThread "File Watcher" daemon [_thread_blocked, id=75267, stack(0x0000700002b24000,0x0000700002c24000)]
  0x00007f9172c23800 JavaThread "Thread-1" daemon [_thread_in_native, id=72963, stack(0x0000700002a21000,0x0000700002b21000)]
  0x00007f9172ee3000 JavaThread "Inactive RequestProcessor thread [Was:Timeout waitFinished compatibility processor/org.openide.util.Task$1Run]" daemon [_thread_blocked, id=72451, stack(0x000070000291e000,0x0000700002a1e000)]
  0x00007f917697b000 JavaThread "Favorites Nodes" daemon [_thread_blocked, id=71939, stack(0x000070000281b000,0x000070000291b000)]
  0x00007f9176247000 JavaThread "Inactive RequestProcessor thread [Was:On Start/Stop/org.netbeans.modules.xml.text.breadcrumbs.EditorRegistryMonitor]" daemon [_thread_blocked, id=71427, stack(0x0000700002718000,0x0000700002818000)]
  0x00007f9176978800 JavaThread "Inactive RequestProcessor thread [Was:Timeout waitFinished compatibility processor/org.openide.util.Task$1Run]" daemon [_thread_blocked, id=70915, stack(0x0000700002615000,0x0000700002715000)]
  0x00007f9176977800 JavaThread "Inactive RequestProcessor thread [Was:Timeout waitFinished compatibility processor/org.openide.util.Task$1Run]" daemon [_thread_blocked, id=70403, stack(0x0000700002512000,0x0000700002612000)]
  0x00007f9176977000 JavaThread "Inactive RequestProcessor thread [Was:On Start/Stop/org.netbeans.core.impl.InitUI]" daemon [_thread_blocked, id=69891, stack(0x000070000240f000,0x000070000250f000)]
  0x00007f9174551800 JavaThread "Inactive RequestProcessor thread [Was:Timeout waitFinished compatibility processor/org.openide.util.Task$1Run]" daemon [_thread_blocked, id=69391, stack(0x000070000230c000,0x000070000240c000)]
  0x00007f9172c7f000 JavaThread "FelixDispatchQueue" [_thread_blocked, id=68867, stack(0x0000700002209000,0x0000700002309000)]
  0x00007f917332f000 JavaThread "AWT-EventQueue-0" [_thread_blocked, id=60679, stack(0x0000700002083000,0x0000700002183000)]
  0x00007f9173189800 JavaThread "Java2D Disposer" daemon [_thread_blocked, id=60163, stack(0x0000700001f80000,0x0000700002080000)]
  0x00007f91739fc800 JavaThread "Java2D Queue Flusher" daemon [_thread_blocked, id=56071, stack(0x0000700001e7d000,0x0000700001f7d000)]
  0x00007f9174199800 JavaThread "RequestProcessor queue manager" daemon [_thread_blocked, id=54531, stack(0x0000700001d7a000,0x0000700001e7a000)]
  0x00007f91739fb800 JavaThread "Data System Nodes for Default System" daemon [_thread_blocked, id=47931, stack(0x0000700001b74000,0x0000700001c74000)]
  0x00007f91739b5800 JavaThread "AWT-Shutdown" [_thread_blocked, id=33555, stack(0x000070000196b000,0x0000700001a6b000)]
  0x00007f91739a7800 JavaThread "JavaFX Application Thread" daemon [_thread_in_native, id=1295, stack(0x00007fff59ab2000,0x00007fff5a2b2000)]
  0x00007f9174099800 JavaThread "CLI Requests Server" daemon [_thread_in_native, id=23043, stack(0x00007000016df000,0x00007000017df000)]
  0x00007f917307d000 JavaThread "Active Reference Queue Daemon" daemon [_thread_blocked, id=22531, stack(0x00007000015dc000,0x00007000016dc000)]
  0x00007f9173029800 JavaThread "Service Thread" daemon [_thread_blocked, id=21507, stack(0x00007000013d6000,0x00007000014d6000)]
  0x00007f9172810800 JavaThread "C1 CompilerThread3" daemon [_thread_in_native, id=20995, stack(0x00007000012d3000,0x00007000013d3000)]
  0x00007f9174034800 JavaThread "C2 CompilerThread2" daemon [_thread_in_vm, id=20483, stack(0x00007000011d0000,0x00007000012d0000)]
=>0x00007f917300e800 JavaThread "C2 CompilerThread1" daemon [_thread_in_native, id=19971, stack(0x00007000010cd000,0x00007000011cd000)]
  0x00007f9173853800 JavaThread "C2 CompilerThread0" daemon [_thread_in_native, id=19459, stack(0x0000700000fca000,0x00007000010ca000)]
  0x00007f917385e800 JavaThread "Signal Dispatcher" daemon [_thread_blocked, id=18719, stack(0x0000700000ec7000,0x0000700000fc7000)]
  0x00007f9173842000 JavaThread "Finalizer" daemon [_thread_blocked, id=14339, stack(0x0000700000c3b000,0x0000700000d3b000)]
  0x00007f917383f000 JavaThread "Reference Handler" daemon [_thread_blocked, id=13827, stack(0x0000700000b38000,0x0000700000c38000)]

Other Threads:
  0x00007f917383a800 VMThread [stack: 0x0000700000a35000,0x0000700000b35000] [id=13315]
  0x00007f917385f800 WatcherThread [stack: 0x00007000014d9000,0x00007000015d9000] [id=22019]

VM state:synchronizing (normal execution)

VM Mutex/Monitor currently owned by a thread:  ([mutex/lock_event])
[0x00007f9172418450] Threads_lock - owner thread: 0x00007f917383a800

Heap:
 PSYoungGen      total 186368K, used 90196K [0x000000076ab00000, 0x0000000779080000, 0x00000007c0000000)
  eden space 171008K, 43% used [0x000000076ab00000,0x000000076f415fa0,0x0000000775200000)
  from space 15360K, 99% used [0x0000000778180000,0x000000077907f440,0x0000000779080000)
  to   space 29184K, 0% used [0x0000000775780000,0x0000000775780000,0x0000000777400000)
 ParOldGen       total 172544K, used 37472K [0x00000006c0000000, 0x00000006ca880000, 0x000000076ab00000)
  object space 172544K, 21% used [0x00000006c0000000,0x00000006c2498150,0x00000006ca880000)
 Metaspace       used 48399K, capacity 52688K, committed 52864K, reserved 1095680K
  class space    used 6395K, capacity 7551K, committed 7552K, reserved 1048576K

Card table byte_map: [0x0000000116f96000,0x0000000117797000] byte_map_base: 0x0000000113996000

Marking Bits: (ParMarkBitMap*) 0x00000001074efd20
 Begin Bits: [0x0000000117ced000, 0x000000011bced000)
 End Bits:   [0x000000011bced000, 0x000000011fced000)

Polling page: 0x0000000105bdc000

CodeCache: size=245760Kb used=16635Kb max_used=16646Kb free=229124Kb
 bounds [0x0000000107bd6000, 0x0000000108c36000, 0x0000000116bd6000]
 total_blobs=5904 nmethods=5093 adapters=721
 compilation: enabled

Compilation events (10 events):
Event: 6.631 Thread 0x00007f917300e800 6203       4       java.awt.geom.AffineTransform::transform (635 bytes)
Event: 6.632 Thread 0x00007f9172810800 6202   !   3       sun.font.FontStrikeDesc::equals (53 bytes)
Event: 6.632 Thread 0x00007f9172810800 nmethod 6202 0x00000001080878d0 code [0x0000000108087a60, 0x0000000108087e58]
Event: 6.633 Thread 0x00007f9172810800 6210       3       java.util.IdentityHashMap$IdentityHashMapIterator::nextIndex (72 bytes)
Event: 6.633 Thread 0x00007f9172810800 nmethod 6210 0x0000000108c1fb90 code [0x0000000108c1fd40, 0x0000000108c201a8]
Event: 6.633 Thread 0x00007f9172810800 6213       3       org.openide.util.lookup.DelegatingStorage::add (12 bytes)
Event: 6.634 Thread 0x00007f9172810800 nmethod 6213 0x0000000108c1f710 code [0x0000000108c1f880, 0x0000000108c1faa8]
Event: 6.634 Thread 0x00007f9172810800 6214       3       java.lang.Integer::equals (29 bytes)
Event: 6.634 Thread 0x00007f9172810800 nmethod 6214 0x0000000108c1d950 code [0x0000000108c1dac0, 0x0000000108c1df30]
Event: 6.635 Thread 0x00007f9172810800 6215       3       java.awt.font.FontRenderContext::equals (127 bytes)

GC Heap History (10 events):
Event: 2.211 GC heap before
{Heap before GC invocations=4 (full 0):
 PSYoungGen      total 76288K, used 54509K [0x000000076ab00000, 0x0000000774000000, 0x00000007c0000000)
  eden space 65536K, 66% used [0x000000076ab00000,0x000000076d5bca40,0x000000076eb00000)
  from space 10752K, 99% used [0x000000076eb00000,0x000000076f57ea18,0x000000076f580000)
  to   space 10752K, 0% used [0x0000000773580000,0x0000000773580000,0x0000000774000000)
 ParOldGen       total 175104K, used 4667K [0x00000006c0000000, 0x00000006cab00000, 0x000000076ab00000)
  object space 175104K, 2% used [0x00000006c0000000,0x00000006c048ede8,0x00000006cab00000)
 Metaspace       used 20350K, capacity 21210K, committed 21296K, reserved 1069056K
  class space    used 2161K, capacity 2400K, committed 2432K, reserved 1048576K
Event: 2.221 GC heap after
Heap after GC invocations=4 (full 0):
 PSYoungGen      total 141824K, used 10730K [0x000000076ab00000, 0x0000000774000000, 0x00000007c0000000)
  eden space 131072K, 0% used [0x000000076ab00000,0x000000076ab00000,0x0000000772b00000)
  from space 10752K, 99% used [0x0000000773580000,0x0000000773ffaaa0,0x0000000774000000)
  to   space 10752K, 0% used [0x0000000772b00000,0x0000000772b00000,0x0000000773580000)
 ParOldGen       total 175104K, used 4723K [0x00000006c0000000, 0x00000006cab00000, 0x000000076ab00000)
  object space 175104K, 2% used [0x00000006c0000000,0x00000006c049cde8,0x00000006cab00000)
 Metaspace       used 20350K, capacity 21210K, committed 21296K, reserved 1069056K
  class space    used 2161K, capacity 2400K, committed 2432K, reserved 1048576K
}
Event: 2.221 GC heap before
{Heap before GC invocations=5 (full 1):
 PSYoungGen      total 141824K, used 10730K [0x000000076ab00000, 0x0000000774000000, 0x00000007c0000000)
  eden space 131072K, 0% used [0x000000076ab00000,0x000000076ab00000,0x0000000772b00000)
  from space 10752K, 99% used [0x0000000773580000,0x0000000773ffaaa0,0x0000000774000000)
  to   space 10752K, 0% used [0x0000000772b00000,0x0000000772b00000,0x0000000773580000)
 ParOldGen       total 175104K, used 4723K [0x00000006c0000000, 0x00000006cab00000, 0x000000076ab00000)
  object space 175104K, 2% used [0x00000006c0000000,0x00000006c049cde8,0x00000006cab00000)
 Metaspace       used 20350K, capacity 21210K, committed 21296K, reserved 1069056K
  class space    used 2161K, capacity 2400K, committed 2432K, reserved 1048576K
Event: 2.265 GC heap after
Heap after GC invocations=5 (full 1):
 PSYoungGen      total 141824K, used 0K [0x000000076ab00000, 0x0000000774000000, 0x00000007c0000000)
  eden space 131072K, 0% used [0x000000076ab00000,0x000000076ab00000,0x0000000772b00000)
  from space 10752K, 0% used [0x0000000773580000,0x0000000773580000,0x0000000774000000)
  to   space 10752K, 0% used [0x0000000772b00000,0x0000000772b00000,0x0000000773580000)
 ParOldGen       total 109568K, used 13183K [0x00000006c0000000, 0x00000006c6b00000, 0x000000076ab00000)
  object space 109568K, 12% used [0x00000006c0000000,0x00000006c0cdffc8,0x00000006c6b00000)
 Metaspace       used 20350K, capacity 21210K, committed 21296K, reserved 1069056K
  class space    used 2161K, capacity 2400K, committed 2432K, reserved 1048576K
}
Event: 3.067 GC heap before
{Heap before GC invocations=6 (full 1):
 PSYoungGen      total 141824K, used 116521K [0x000000076ab00000, 0x0000000774000000, 0x00000007c0000000)
  eden space 131072K, 88% used [0x000000076ab00000,0x0000000771cca730,0x0000000772b00000)
  from space 10752K, 0% used [0x0000000773580000,0x0000000773580000,0x0000000774000000)
  to   space 10752K, 0% used [0x0000000772b00000,0x0000000772b00000,0x0000000773580000)
 ParOldGen       total 109568K, used 13183K [0x00000006c0000000, 0x00000006c6b00000, 0x000000076ab00000)
  object space 109568K, 12% used [0x00000006c0000000,0x00000006c0cdffc8,0x00000006c6b00000)
 Metaspace       used 32732K, capacity 35324K, committed 35456K, reserved 1079296K
  class space    used 3931K, capacity 4640K, committed 4736K, reserved 1048576K
Event: 3.074 GC heap after
Heap after GC invocations=6 (full 1):
 PSYoungGen      total 141824K, used 6773K [0x000000076ab00000, 0x0000000779080000, 0x00000007c0000000)
  eden space 131072K, 0% used [0x000000076ab00000,0x000000076ab00000,0x0000000772b00000)
  from space 10752K, 62% used [0x0000000772b00000,0x000000077319d448,0x0000000773580000)
  to   space 15360K, 0% used [0x0000000778180000,0x0000000778180000,0x0000000779080000)
 ParOldGen       total 109568K, used 13191K [0x00000006c0000000, 0x00000006c6b00000, 0x000000076ab00000)
  object space 109568K, 12% used [0x00000006c0000000,0x00000006c0ce1fc8,0x00000006c6b00000)
 Metaspace       used 32732K, capacity 35324K, committed 35456K, reserved 1079296K
  class space    used 3931K, capacity 4640K, committed 4736K, reserved 1048576K
}
Event: 3.074 GC heap before
{Heap before GC invocations=7 (full 2):
 PSYoungGen      total 141824K, used 6773K [0x000000076ab00000, 0x0000000779080000, 0x00000007c0000000)
  eden space 131072K, 0% used [0x000000076ab00000,0x000000076ab00000,0x0000000772b00000)
  from space 10752K, 62% used [0x0000000772b00000,0x000000077319d448,0x0000000773580000)
  to   space 15360K, 0% used [0x0000000778180000,0x0000000778180000,0x0000000779080000)
 ParOldGen       total 109568K, used 13191K [0x00000006c0000000, 0x00000006c6b00000, 0x000000076ab00000)
  object space 109568K, 12% used [0x00000006c0000000,0x00000006c0ce1fc8,0x00000006c6b00000)
 Metaspace       used 32732K, capacity 35324K, committed 35456K, reserved 1079296K
  class space    used 3931K, capacity 4640K, committed 4736K, reserved 1048576K
Event: 3.134 GC heap after
Heap after GC invocations=7 (full 2):
 PSYoungGen      total 141824K, used 0K [0x000000076ab00000, 0x0000000779080000, 0x00000007c0000000)
  eden space 131072K, 0% used [0x000000076ab00000,0x000000076ab00000,0x0000000772b00000)
  from space 10752K, 0% used [0x0000000772b00000,0x0000000772b00000,0x0000000773580000)
  to   space 15360K, 0% used [0x0000000778180000,0x0000000778180000,0x0000000779080000)
 ParOldGen       total 172544K, used 17177K [0x00000006c0000000, 0x00000006ca880000, 0x000000076ab00000)
  object space 172544K, 9% used [0x00000006c0000000,0x00000006c10c6508,0x00000006ca880000)
 Metaspace       used 32732K, capacity 35324K, committed 35456K, reserved 1079296K
  class space    used 3931K, capacity 4640K, committed 4736K, reserved 1048576K
}
Event: 6.087 GC heap before
{Heap before GC invocations=8 (full 2):
 PSYoungGen      total 141824K, used 131072K [0x000000076ab00000, 0x0000000779080000, 0x00000007c0000000)
  eden space 131072K, 100% used [0x000000076ab00000,0x0000000772b00000,0x0000000772b00000)
  from space 10752K, 0% used [0x0000000772b00000,0x0000000772b00000,0x0000000773580000)
  to   space 15360K, 0% used [0x0000000778180000,0x0000000778180000,0x0000000779080000)
 ParOldGen       total 172544K, used 17177K [0x00000006c0000000, 0x00000006ca880000, 0x000000076ab00000)
  object space 172544K, 9% used [0x00000006c0000000,0x00000006c10c6508,0x00000006ca880000)
 Metaspace       used 46368K, capacity 50466K, committed 50560K, reserved 1093632K
  class space    used 6100K, capacity 7223K, committed 7296K, reserved 1048576K
Event: 6.100 GC heap after
Heap after GC invocations=8 (full 2):
 PSYoungGen      total 186368K, used 15357K [0x000000076ab00000, 0x0000000779080000, 0x00000007c0000000)
  eden space 171008K, 0% used [0x000000076ab00000,0x000000076ab00000,0x0000000775200000)
  from space 15360K, 99% used [0x0000000778180000,0x000000077907f440,0x0000000779080000)
  to   space 29184K, 0% used [0x0000000775780000,0x0000000775780000,0x0000000777400000)
 ParOldGen       total 172544K, used 37472K [0x00000006c0000000, 0x00000006ca880000, 0x000000076ab00000)
  object space 172544K, 21% used [0x00000006c0000000,0x00000006c2498150,0x00000006ca880000)
 Metaspace       used 46368K, capacity 50466K, committed 50560K, reserved 1093632K
  class space    used 6100K, capacity 7223K, committed 7296K, reserved 1048576K
}

Deoptimization events (10 events):
Event: 6.048 Thread 0x00007f91739fb800 Uncommon trap: reason=predicate action=maybe_recompile pc=0x0000000107f2e378 method=java.util.Arrays.binarySearch0([Ljava/lang/Object;IILjava/lang/Object;Ljava/util/Comparator;)I @ 28
Event: 6.055 Thread 0x00007f91739fb800 Uncommon trap: reason=unstable_if action=reinterpret pc=0x0000000107d730bc method=java.lang.Class.cast(Ljava/lang/Object;)Ljava/lang/Object; @ 1
Event: 6.179 Thread 0x00007f917332f000 Uncommon trap: reason=unstable_if action=reinterpret pc=0x000000010803881c method=java.util.LinkedHashMap.afterNodeInsertion(Z)V @ 18
Event: 6.228 Thread 0x00007f917697b000 Uncommon trap: reason=array_check action=maybe_recompile pc=0x000000010874107c method=java.util.AbstractCollection.toArray([Ljava/lang/Object;)[Ljava/lang/Object; @ 119
Event: 6.234 Thread 0x00007f917332f000 Uncommon trap: reason=array_check action=maybe_recompile pc=0x000000010874107c method=java.util.AbstractCollection.toArray([Ljava/lang/Object;)[Ljava/lang/Object; @ 119
Event: 6.236 Thread 0x00007f917332f000 Uncommon trap: reason=array_check action=maybe_recompile pc=0x000000010874107c method=java.util.AbstractCollection.toArray([Ljava/lang/Object;)[Ljava/lang/Object; @ 119
Event: 6.237 Thread 0x00007f917332f000 Uncommon trap: reason=array_check action=maybe_recompile pc=0x000000010874107c method=java.util.AbstractCollection.toArray([Ljava/lang/Object;)[Ljava/lang/Object; @ 119
Event: 6.366 Thread 0x00007f917332f000 Uncommon trap: reason=unstable_if action=reinterpret pc=0x00000001084934d0 method=java.lang.Character.isHighSurrogate(C)Z @ 3
Event: 6.366 Thread 0x00007f917332f000 Uncommon trap: reason=unstable_if action=reinterpret pc=0x0000000107fd1524 method=java.lang.Character.isHighSurrogate(C)Z @ 3
Event: 6.630 Thread 0x00007f917332f000 Uncommon trap: reason=unstable_if action=reinterpret pc=0x000000010864f2e4 method=java.awt.font.FontRenderContext.equals(Ljava/awt/font/FontRenderContext;)Z @ 60

Internal exceptions (10 events):
Event: 6.053 Thread 0x00007f91739fb800 Exception <a 'java/lang/ArrayIndexOutOfBoundsException'> (0x0000000772a52788) thrown at [/Users/java_re/workspace/8-2-build-macosx-x86_64/jdk8u111/7883/hotspot/src/share/vm/runtime/sharedRuntime.cpp, line 605]
Event: 6.053 Thread 0x00007f91739fb800 Exception <a 'java/lang/ArrayIndexOutOfBoundsException'> (0x0000000772a53500) thrown at [/Users/java_re/workspace/8-2-build-macosx-x86_64/jdk8u111/7883/hotspot/src/share/vm/runtime/sharedRuntime.cpp, line 605]
Event: 6.054 Thread 0x00007f91739fb800 Exception <a 'java/lang/ArrayIndexOutOfBoundsException'> (0x0000000772a544b8) thrown at [/Users/java_re/workspace/8-2-build-macosx-x86_64/jdk8u111/7883/hotspot/src/share/vm/runtime/sharedRuntime.cpp, line 605]
Event: 6.054 Thread 0x00007f91739fb800 Exception <a 'java/lang/ArrayIndexOutOfBoundsException'> (0x0000000772a55bc0) thrown at [/Users/java_re/workspace/8-2-build-macosx-x86_64/jdk8u111/7883/hotspot/src/share/vm/runtime/sharedRuntime.cpp, line 605]
Event: 6.055 Thread 0x00007f91739fb800 Implicit null exception at 0x0000000107d7300f to 0x0000000107d730a9
Event: 6.060 Thread 0x00007f91739fb800 Exception <a 'java/lang/ArrayIndexOutOfBoundsException'> (0x0000000772a8f868) thrown at [/Users/java_re/workspace/8-2-build-macosx-x86_64/jdk8u111/7883/hotspot/src/share/vm/runtime/sharedRuntime.cpp, line 605]
Event: 6.060 Thread 0x00007f91739fb800 Exception <a 'java/lang/ArrayIndexOutOfBoundsException'> (0x0000000772a90b60) thrown at [/Users/java_re/workspace/8-2-build-macosx-x86_64/jdk8u111/7883/hotspot/src/share/vm/runtime/sharedRuntime.cpp, line 605]
Event: 6.060 Thread 0x00007f91739fb800 Exception <a 'java/lang/ArrayIndexOutOfBoundsException'> (0x0000000772a91dc8) thrown at [/Users/java_re/workspace/8-2-build-macosx-x86_64/jdk8u111/7883/hotspot/src/share/vm/runtime/sharedRuntime.cpp, line 605]
Event: 6.068 Thread 0x00007f91739fb800 Exception <a 'java/lang/ArrayIndexOutOfBoundsException'> (0x0000000772abce60) thrown at [/Users/java_re/workspace/8-2-build-macosx-x86_64/jdk8u111/7883/hotspot/src/share/vm/runtime/sharedRuntime.cpp, line 605]
Event: 6.070 Thread 0x00007f91739fb800 Exception <a 'java/lang/ArrayIndexOutOfBoundsException'> (0x0000000772ad0120) thrown at [/Users/java_re/workspace/8-2-build-macosx-x86_64/jdk8u111/7883/hotspot/src/share/vm/runtime/sharedRuntime.cpp, line 605]

Events (10 events):
Event: 6.631 Executing VM operation: RevokeBias
Event: 6.631 Executing VM operation: RevokeBias done
Event: 6.631 Executing VM operation: RevokeBias
Event: 6.631 Executing VM operation: RevokeBias done
Event: 6.632 loading class org/netbeans/modules/masterfs/ui/Init
Event: 6.632 loading class org/netbeans/modules/masterfs/ui/Init done
Event: 6.634 loading class org/openide/util/Task$1Run
Event: 6.634 loading class org/openide/util/Task$1Run done
Event: 6.635 Executing VM operation: RevokeBias
Event: 6.635 Executing VM operation: RevokeBias done


Dynamic libraries:
0x0000000002c9d000 	/System/Library/Frameworks/Cocoa.framework/Versions/A/Cocoa
0x0000000002c9d000 	/System/Library/Frameworks/Security.framework/Versions/A/Security
0x0000000002c9d000 	/System/Library/Frameworks/ApplicationServices.framework/Versions/A/ApplicationServices
0x0000000002c9d000 	/usr/lib/libz.1.dylib
0x0000000002c9d000 	/usr/lib/libSystem.B.dylib
0x0000000002c9d000 	/usr/lib/libobjc.A.dylib
0x0000000002c9d000 	/System/Library/Frameworks/CoreFoundation.framework/Versions/A/CoreFoundation
0x0000000002c9d000 	/System/Library/Frameworks/Foundation.framework/Versions/C/Foundation
0x0000000002c9d000 	/System/Library/Frameworks/AppKit.framework/Versions/C/AppKit
0x0000000002c9d000 	/System/Library/Frameworks/CoreData.framework/Versions/A/CoreData
0x0000000002c9d000 	/System/Library/PrivateFrameworks/RemoteViewServices.framework/Versions/A/RemoteViewServices
0x0000000002c9d000 	/System/Library/PrivateFrameworks/UIFoundation.framework/Versions/A/UIFoundation
0x0000000002c9d000 	/usr/lib/libScreenReader.dylib
0x0000000002c9d000 	/System/Library/Frameworks/Accelerate.framework/Versions/A/Accelerate
0x0000000002c9d000 	/System/Library/Frameworks/IOSurface.framework/Versions/A/IOSurface
0x0000000002c9d000 	/System/Library/Frameworks/AudioToolbox.framework/Versions/A/AudioToolbox
0x0000000002c9d000 	/System/Library/Frameworks/AudioUnit.framework/Versions/A/AudioUnit
0x0000000002c9d000 	/System/Library/PrivateFrameworks/DataDetectorsCore.framework/Versions/A/DataDetectorsCore
0x0000000002c9d000 	/System/Library/PrivateFrameworks/DesktopServicesPriv.framework/Versions/A/DesktopServicesPriv
0x0000000002c9d000 	/System/Library/Frameworks/Carbon.framework/Versions/A/Frameworks/HIToolbox.framework/Versions/A/HIToolbox
0x0000000002c9d000 	/System/Library/Frameworks/QuartzCore.framework/Versions/A/QuartzCore
0x0000000002c9d000 	/System/Library/Frameworks/Carbon.framework/Versions/A/Frameworks/SpeechRecognition.framework/Versions/A/SpeechRecognition
0x0000000002c9d000 	/usr/lib/libauto.dylib
0x0000000002c9d000 	/usr/lib/libicucore.A.dylib
0x0000000002c9d000 	/usr/lib/libxml2.2.dylib
0x0000000002c9d000 	/System/Library/PrivateFrameworks/CoreUI.framework/Versions/A/CoreUI
0x0000000002c9d000 	/System/Library/Frameworks/CoreAudio.framework/Versions/A/CoreAudio
0x0000000002c9d000 	/System/Library/Frameworks/DiskArbitration.framework/Versions/A/DiskArbitration
0x0000000002c9d000 	/usr/lib/liblangid.dylib
0x0000000002c9d000 	/System/Library/PrivateFrameworks/MultitouchSupport.framework/Versions/A/MultitouchSupport
0x0000000002c9d000 	/System/Library/Frameworks/IOKit.framework/Versions/A/IOKit
0x0000000002c9d000 	/usr/lib/libDiagnosticMessagesClient.dylib
0x0000000002c9d000 	/System/Library/Frameworks/CoreServices.framework/Versions/A/CoreServices
0x0000000002c9d000 	/System/Library/PrivateFrameworks/PerformanceAnalysis.framework/Versions/A/PerformanceAnalysis
0x0000000002c9d000 	/System/Library/PrivateFrameworks/GenerationalStorage.framework/Versions/A/GenerationalStorage
0x0000000002c9d000 	/System/Library/Frameworks/OpenGL.framework/Versions/A/OpenGL
0x0000000002c9d000 	/System/Library/PrivateFrameworks/Sharing.framework/Versions/A/Sharing
0x0000000002c9d000 	/System/Library/Frameworks/CoreGraphics.framework/Versions/A/CoreGraphics
0x0000000002c9d000 	/System/Library/Frameworks/CoreImage.framework/Versions/A/CoreImage
0x0000000002c9d000 	/System/Library/Frameworks/CoreText.framework/Versions/A/CoreText
0x0000000002c9d000 	/System/Library/Frameworks/ImageIO.framework/Versions/A/ImageIO
0x0000000002c9d000 	/System/Library/PrivateFrameworks/Backup.framework/Versions/A/Backup
0x0000000002c9d000 	/usr/lib/libextension.dylib
0x0000000002c9d000 	/usr/lib/libarchive.2.dylib
0x0000000002c9d000 	/System/Library/Frameworks/CFNetwork.framework/Versions/A/CFNetwork
0x0000000002c9d000 	/System/Library/Frameworks/SystemConfiguration.framework/Versions/A/SystemConfiguration
0x0000000002c9d000 	/usr/lib/libCRFSuite.dylib
0x0000000002c9d000 	/usr/lib/libc++.1.dylib
0x0000000002c9d000 	/usr/lib/libc++abi.dylib
0x0000000002c9d000 	/usr/lib/system/libcache.dylib
0x0000000002c9d000 	/usr/lib/system/libcommonCrypto.dylib
0x0000000002c9d000 	/usr/lib/system/libcompiler_rt.dylib
0x0000000002c9d000 	/usr/lib/system/libcopyfile.dylib
0x0000000002c9d000 	/usr/lib/system/libcorecrypto.dylib
0x0000000002c9d000 	/usr/lib/system/libdispatch.dylib
0x0000000002c9d000 	/usr/lib/system/libdyld.dylib
0x0000000002c9d000 	/usr/lib/system/libkeymgr.dylib
0x0000000002c9d000 	/usr/lib/system/liblaunch.dylib
0x0000000002c9d000 	/usr/lib/system/libmacho.dylib
0x0000000002c9d000 	/usr/lib/system/libquarantine.dylib
0x0000000002c9d000 	/usr/lib/system/libremovefile.dylib
0x0000000002c9d000 	/usr/lib/system/libsystem_asl.dylib
0x0000000002c9d000 	/usr/lib/system/libsystem_blocks.dylib
0x0000000002c9d000 	/usr/lib/system/libsystem_c.dylib
0x0000000002c9d000 	/usr/lib/system/libsystem_configuration.dylib
0x0000000002c9d000 	/usr/lib/system/libsystem_coreservices.dylib
0x0000000002c9d000 	/usr/lib/system/libsystem_coretls.dylib
0x0000000002c9d000 	/usr/lib/system/libsystem_dnssd.dylib
0x0000000002c9d000 	/usr/lib/system/libsystem_info.dylib
0x0000000002c9d000 	/usr/lib/system/libsystem_kernel.dylib
0x0000000002c9d000 	/usr/lib/system/libsystem_m.dylib
0x0000000002c9d000 	/usr/lib/system/libsystem_malloc.dylib
0x0000000002c9d000 	/usr/lib/system/libsystem_network.dylib
0x0000000002c9d000 	/usr/lib/system/libsystem_networkextension.dylib
0x0000000002c9d000 	/usr/lib/system/libsystem_notify.dylib
0x0000000002c9d000 	/usr/lib/system/libsystem_platform.dylib
0x0000000002c9d000 	/usr/lib/system/libsystem_pthread.dylib
0x0000000002c9d000 	/usr/lib/system/libsystem_sandbox.dylib
0x0000000002c9d000 	/usr/lib/system/libsystem_secinit.dylib
0x0000000002c9d000 	/usr/lib/system/libsystem_trace.dylib
0x0000000002c9d000 	/usr/lib/system/libunc.dylib
0x0000000002c9d000 	/usr/lib/system/libunwind.dylib
0x0000000002c9d000 	/usr/lib/system/libxpc.dylib
0x0000000002c9d000 	/usr/lib/libenergytrace.dylib
0x0000000002c9d000 	/usr/lib/libbsm.0.dylib
0x0000000002c9d000 	/usr/lib/system/libkxld.dylib
0x0000000002c9d000 	/usr/lib/libxar.1.dylib
0x0000000002c9d000 	/usr/lib/libsqlite3.dylib
0x0000000002c9d000 	/usr/lib/libpam.2.dylib
0x0000000002c9d000 	/usr/lib/libOpenScriptingUtil.dylib
0x0000000002c9d000 	/usr/lib/libbz2.1.0.dylib
0x0000000002c9d000 	/usr/lib/liblzma.5.dylib
0x0000000002c9d000 	/System/Library/Frameworks/CoreServices.framework/Versions/A/Frameworks/FSEvents.framework/Versions/A/FSEvents
0x0000000002c9d000 	/System/Library/Frameworks/CoreServices.framework/Versions/A/Frameworks/CarbonCore.framework/Versions/A/CarbonCore
0x0000000002c9d000 	/System/Library/Frameworks/CoreServices.framework/Versions/A/Frameworks/Metadata.framework/Versions/A/Metadata
0x0000000002c9d000 	/System/Library/Frameworks/CoreServices.framework/Versions/A/Frameworks/OSServices.framework/Versions/A/OSServices
0x0000000002c9d000 	/System/Library/Frameworks/CoreServices.framework/Versions/A/Frameworks/SearchKit.framework/Versions/A/SearchKit
0x0000000002c9d000 	/System/Library/Frameworks/CoreServices.framework/Versions/A/Frameworks/AE.framework/Versions/A/AE
0x0000000002c9d000 	/System/Library/Frameworks/CoreServices.framework/Versions/A/Frameworks/LaunchServices.framework/Versions/A/LaunchServices
0x0000000002c9d000 	/System/Library/Frameworks/CoreServices.framework/Versions/A/Frameworks/DictionaryServices.framework/Versions/A/DictionaryServices
0x0000000002c9d000 	/System/Library/Frameworks/CoreServices.framework/Versions/A/Frameworks/SharedFileList.framework/Versions/A/SharedFileList
0x0000000002c9d000 	/System/Library/Frameworks/NetFS.framework/Versions/A/NetFS
0x0000000002c9d000 	/System/Library/PrivateFrameworks/NetAuth.framework/Versions/A/NetAuth
0x0000000002c9d000 	/System/Library/PrivateFrameworks/login.framework/Versions/A/Frameworks/loginsupport.framework/Versions/A/loginsupport
0x0000000002c9d000 	/System/Library/PrivateFrameworks/TCC.framework/Versions/A/TCC
0x0000000002c9d000 	/usr/lib/libmecabra.dylib
0x0000000002c9d000 	/System/Library/Frameworks/ApplicationServices.framework/Versions/A/Frameworks/ATS.framework/Versions/A/ATS
0x0000000002c9d000 	/System/Library/Frameworks/ApplicationServices.framework/Versions/A/Frameworks/ColorSync.framework/Versions/A/ColorSync
0x0000000002c9d000 	/System/Library/Frameworks/ApplicationServices.framework/Versions/A/Frameworks/HIServices.framework/Versions/A/HIServices
0x0000000002c9d000 	/System/Library/Frameworks/ApplicationServices.framework/Versions/A/Frameworks/LangAnalysis.framework/Versions/A/LangAnalysis
0x0000000002c9d000 	/System/Library/Frameworks/ApplicationServices.framework/Versions/A/Frameworks/PrintCore.framework/Versions/A/PrintCore
0x0000000002c9d000 	/System/Library/Frameworks/ApplicationServices.framework/Versions/A/Frameworks/QD.framework/Versions/A/QD
0x0000000002c9d000 	/System/Library/Frameworks/ApplicationServices.framework/Versions/A/Frameworks/SpeechSynthesis.framework/Versions/A/SpeechSynthesis
0x0000000002c9d000 	/System/Library/Frameworks/Metal.framework/Versions/A/Metal
0x0000000002c9d000 	/System/Library/Frameworks/Accelerate.framework/Versions/A/Frameworks/vImage.framework/Versions/A/vImage
0x0000000002c9d000 	/System/Library/Frameworks/Accelerate.framework/Versions/A/Frameworks/vecLib.framework/Versions/A/vecLib
0x0000000002c9d000 	/System/Library/Frameworks/Accelerate.framework/Versions/A/Frameworks/vecLib.framework/Versions/A/libvDSP.dylib
0x0000000002c9d000 	/System/Library/Frameworks/Accelerate.framework/Versions/A/Frameworks/vecLib.framework/Versions/A/libvMisc.dylib
0x0000000002c9d000 	/System/Library/Frameworks/Accelerate.framework/Versions/A/Frameworks/vecLib.framework/Versions/A/libLAPACK.dylib
0x0000000002c9d000 	/System/Library/Frameworks/Accelerate.framework/Versions/A/Frameworks/vecLib.framework/Versions/A/libBLAS.dylib
0x0000000002c9d000 	/System/Library/Frameworks/Accelerate.framework/Versions/A/Frameworks/vecLib.framework/Versions/A/libLinearAlgebra.dylib
0x0000000002c9d000 	/System/Library/Frameworks/Accelerate.framework/Versions/A/Frameworks/vecLib.framework/Versions/A/libSparseBLAS.dylib
0x0000000002c9d000 	/System/Library/PrivateFrameworks/GPUCompiler.framework/libmetal_timestamp.dylib
0x0000000002c9d000 	/System/Library/Frameworks/OpenGL.framework/Versions/A/Libraries/libCoreFSCache.dylib
0x0000000002c9d000 	/System/Library/PrivateFrameworks/IOAccelerator.framework/Versions/A/IOAccelerator
0x0000000002c9d000 	/System/Library/Frameworks/ApplicationServices.framework/Versions/A/Frameworks/ATS.framework/Versions/A/Resources/libFontParser.dylib
0x0000000002c9d000 	/System/Library/Frameworks/ApplicationServices.framework/Versions/A/Frameworks/ATS.framework/Versions/A/Resources/libFontRegistry.dylib
0x0000000002c9d000 	/System/Library/PrivateFrameworks/AppleVPA.framework/Versions/A/AppleVPA
0x0000000002c9d000 	/System/Library/PrivateFrameworks/AppleJPEG.framework/Versions/A/AppleJPEG
0x0000000002c9d000 	/System/Library/Frameworks/ImageIO.framework/Versions/A/Resources/libJPEG.dylib
0x0000000002c9d000 	/System/Library/Frameworks/ImageIO.framework/Versions/A/Resources/libTIFF.dylib
0x0000000002c9d000 	/System/Library/Frameworks/ImageIO.framework/Versions/A/Resources/libPng.dylib
0x0000000002c9d000 	/System/Library/Frameworks/ImageIO.framework/Versions/A/Resources/libGIF.dylib
0x0000000002c9d000 	/System/Library/Frameworks/ImageIO.framework/Versions/A/Resources/libJP2.dylib
0x0000000002c9d000 	/System/Library/Frameworks/ImageIO.framework/Versions/A/Resources/libRadiance.dylib
0x0000000002c9d000 	/System/Library/Frameworks/CoreVideo.framework/Versions/A/CoreVideo
0x0000000002c9d000 	/System/Library/Frameworks/OpenGL.framework/Versions/A/Libraries/libGLU.dylib
0x0000000002c9d000 	/System/Library/Frameworks/OpenGL.framework/Versions/A/Libraries/libGFXShared.dylib
0x0000000002c9d000 	/System/Library/Frameworks/OpenGL.framework/Versions/A/Libraries/libGL.dylib
0x0000000002c9d000 	/System/Library/Frameworks/OpenGL.framework/Versions/A/Libraries/libGLImage.dylib
0x0000000002c9d000 	/System/Library/Frameworks/OpenGL.framework/Versions/A/Libraries/libCVMSPluginSupport.dylib
0x0000000002c9d000 	/System/Library/Frameworks/OpenGL.framework/Versions/A/Libraries/libCoreVMClient.dylib
0x0000000002c9d000 	/usr/lib/libcompression.dylib
0x0000000002c9d000 	/usr/lib/libcups.2.dylib
0x0000000002c9d000 	/System/Library/Frameworks/Kerberos.framework/Versions/A/Kerberos
0x0000000002c9d000 	/System/Library/Frameworks/GSS.framework/Versions/A/GSS
0x0000000002c9d000 	/usr/lib/libresolv.9.dylib
0x0000000002c9d000 	/usr/lib/libiconv.2.dylib
0x0000000002c9d000 	/System/Library/PrivateFrameworks/Heimdal.framework/Versions/A/Heimdal
0x0000000002c9d000 	/usr/lib/libheimdal-asn1.dylib
0x0000000002c9d000 	/System/Library/Frameworks/OpenDirectory.framework/Versions/A/OpenDirectory
0x0000000002c9d000 	/System/Library/PrivateFrameworks/CommonAuth.framework/Versions/A/CommonAuth
0x0000000002c9d000 	/System/Library/Frameworks/OpenDirectory.framework/Versions/A/Frameworks/CFOpenDirectory.framework/Versions/A/CFOpenDirectory
0x0000000002c9d000 	/System/Library/Frameworks/SecurityFoundation.framework/Versions/A/SecurityFoundation
0x0000000002c9d000 	/System/Library/PrivateFrameworks/LanguageModeling.framework/Versions/A/LanguageModeling
0x0000000002c9d000 	/usr/lib/libmarisa.dylib
0x0000000002c9d000 	/usr/lib/libChineseTokenizer.dylib
0x0000000002c9d000 	/usr/lib/libcmph.dylib
0x0000000002c9d000 	/System/Library/Frameworks/ServiceManagement.framework/Versions/A/ServiceManagement
0x0000000002c9d000 	/usr/lib/libxslt.1.dylib
0x0000000002c9d000 	/System/Library/Frameworks/Carbon.framework/Versions/A/Frameworks/Ink.framework/Versions/A/Ink
0x0000000002c9d000 	/usr/lib/libFosl_dynamic.dylib
0x0000000002c9d000 	/System/Library/PrivateFrameworks/FaceCore.framework/Versions/A/FaceCore
0x0000000002c9d000 	/System/Library/Frameworks/OpenCL.framework/Versions/A/OpenCL
0x0000000002c9d000 	/System/Library/PrivateFrameworks/CrashReporterSupport.framework/Versions/A/CrashReporterSupport
0x0000000002c9d000 	/System/Library/PrivateFrameworks/IconServices.framework/Versions/A/IconServices
0x0000000002c9d000 	/System/Library/PrivateFrameworks/Apple80211.framework/Versions/A/Apple80211
0x0000000002c9d000 	/System/Library/Frameworks/CoreWLAN.framework/Versions/A/CoreWLAN
0x0000000002c9d000 	/System/Library/Frameworks/IOBluetooth.framework/Versions/A/IOBluetooth
0x0000000002c9d000 	/System/Library/PrivateFrameworks/CoreWiFi.framework/Versions/A/CoreWiFi
0x0000000002c9d000 	/System/Library/Frameworks/CoreBluetooth.framework/Versions/A/CoreBluetooth
0x0000000002c9d000 	/System/Library/PrivateFrameworks/ChunkingLibrary.framework/Versions/A/ChunkingLibrary
0x0000000002c9d000 	/System/Library/PrivateFrameworks/DebugSymbols.framework/Versions/A/DebugSymbols
0x0000000002c9d000 	/System/Library/PrivateFrameworks/CoreSymbolication.framework/Versions/A/CoreSymbolication
0x0000000002c9d000 	/System/Library/PrivateFrameworks/Symbolication.framework/Versions/A/Symbolication
0x0000000002c9d000 	/System/Library/PrivateFrameworks/SpeechRecognitionCore.framework/Versions/A/SpeechRecognitionCore
0x0000000106c00000 	/Library/Java/JavaVirtualMachines/jdk1.8.0_111.jdk/Contents/Home/jre/lib/server/libjvm.dylib
0x0000000002c9d000 	/usr/lib/libstdc++.6.dylib
0x0000000105bce000 	/Library/Java/JavaVirtualMachines/jdk1.8.0_111.jdk/Contents/Home/jre/lib/libverify.dylib
0x0000000107ba1000 	/Library/Java/JavaVirtualMachines/jdk1.8.0_111.jdk/Contents/Home/jre/lib/libjava.dylib
0x0000000105be6000 	/Library/Java/JavaVirtualMachines/jdk1.8.0_111.jdk/Contents/Home/jre/lib/libzip.dylib
0x0000000122c8c000 	/System/Library/Frameworks/JavaVM.framework/Frameworks/JavaRuntimeSupport.framework/JavaRuntimeSupport
0x0000000122ca7000 	/System/Library/Frameworks/JavaVM.framework/Versions/A/Frameworks/JavaNativeFoundation.framework/Versions/A/JavaNativeFoundation
0x0000000105bf0000 	/System/Library/Frameworks/JavaVM.framework/Versions/A/JavaVM
0x0000000002c9d000 	/System/Library/Frameworks/Carbon.framework/Versions/A/Carbon
0x0000000122cbc000 	/System/Library/PrivateFrameworks/JavaLaunching.framework/Versions/A/JavaLaunching
0x0000000002c9d000 	/System/Library/Frameworks/Carbon.framework/Versions/A/Frameworks/CommonPanels.framework/Versions/A/CommonPanels
0x0000000002c9d000 	/System/Library/Frameworks/Carbon.framework/Versions/A/Frameworks/Help.framework/Versions/A/Help
0x0000000002c9d000 	/System/Library/Frameworks/Carbon.framework/Versions/A/Frameworks/ImageCapture.framework/Versions/A/ImageCapture
0x0000000002c9d000 	/System/Library/Frameworks/Carbon.framework/Versions/A/Frameworks/OpenScripting.framework/Versions/A/OpenScripting
0x0000000002c9d000 	/System/Library/Frameworks/Carbon.framework/Versions/A/Frameworks/Print.framework/Versions/A/Print
0x0000000002c9d000 	/System/Library/Frameworks/Carbon.framework/Versions/A/Frameworks/SecurityHI.framework/Versions/A/SecurityHI
0x0000000124650000 	/Library/Java/JavaVirtualMachines/jdk1.8.0_111.jdk/Contents/Home/jre/lib/libnio.dylib
0x0000000124660000 	/Library/Java/JavaVirtualMachines/jdk1.8.0_111.jdk/Contents/Home/jre/lib/./libnet.dylib
0x00000001247cb000 	/Library/Java/JavaVirtualMachines/jdk1.8.0_111.jdk/Contents/Home/jre/lib/libawt.dylib
0x0000000124873000 	/Library/Java/JavaVirtualMachines/jdk1.8.0_111.jdk/Contents/Home/jre/lib/./libmlib_image.dylib
0x000000012493f000 	/Library/Java/JavaVirtualMachines/jdk1.8.0_111.jdk/Contents/Home/jre/lib/libawt_lwawt.dylib
0x00000001249f4000 	/Library/Java/JavaVirtualMachines/jdk1.8.0_111.jdk/Contents/Home/jre/lib/./libosxapp.dylib
0x0000000002c9d000 	/System/Library/Frameworks/ExceptionHandling.framework/Versions/A/ExceptionHandling
0x0000000002c9d000 	/System/Library/PrivateFrameworks/CoreServicesInternal.framework/Versions/A/CoreServicesInternal
0x0000000002c9d000 	/System/Library/Frameworks/CoreGraphics.framework/Versions/A/Resources/libRIP.A.dylib
0x0000000002c9d000 	/System/Library/Frameworks/Accelerate.framework/Versions/A/Frameworks/vImage.framework/Versions/A/Libraries/libCGInterfaces.dylib
0x0000000002c9d000 	/System/Library/Frameworks/CoreGraphics.framework/Versions/A/Resources/libCGXType.A.dylib
0x0000000002c9d000 	/System/Library/Frameworks/OpenCL.framework/Versions/A/Libraries/libcldcpuengine.dylib
0x0000000002c9d000 	/System/Library/PrivateFrameworks/DiskImages.framework/Versions/A/DiskImages
0x0000000002c9d000 	/System/Library/Frameworks/DiscRecording.framework/Versions/A/DiscRecording
0x0000000002c9d000 	/usr/lib/libcsfde.dylib
0x0000000002c9d000 	/usr/lib/libcurl.4.dylib
0x0000000002c9d000 	/System/Library/PrivateFrameworks/MediaKit.framework/Versions/A/MediaKit
0x0000000002c9d000 	/System/Library/PrivateFrameworks/ProtectedCloudStorage.framework/Versions/A/ProtectedCloudStorage
0x0000000002c9d000 	/usr/lib/libCoreStorage.dylib
0x0000000002c9d000 	/System/Library/PrivateFrameworks/EFILogin.framework/Versions/A/EFILogin
0x0000000002c9d000 	/usr/lib/libutil.dylib
0x0000000002c9d000 	/System/Library/PrivateFrameworks/FindMyDevice.framework/Versions/A/FindMyDevice
0x0000000002c9d000 	/System/Library/Frameworks/LDAP.framework/Versions/A/LDAP
0x0000000002c9d000 	/usr/lib/libsasl2.2.dylib
0x0000000002c9d000 	/System/Library/PrivateFrameworks/CoreDaemon.framework/Versions/B/CoreDaemon
0x0000000002c9d000 	/usr/lib/libcrypto.0.9.8.dylib
0x0000000002c9d000 	/System/Library/PrivateFrameworks/AppleSRP.framework/Versions/A/AppleSRP
0x0000000002c9d000 	/System/Library/PrivateFrameworks/TrustEvaluationAgent.framework/Versions/A/TrustEvaluationAgent
0x0000000126c59000 	cl_kernels
0x0000000002c9d000 	/System/Library/Frameworks/OpenCL.framework/Versions/A/Libraries/ImageFormats/unorm8_bgra.dylib
0x0000000002c9d000 	/System/Library/Frameworks/OpenCL.framework/Versions/A/Libraries/ImageFormats/unorm8_rgba.dylib
0x0000000002c9d000 	/System/Library/PrivateFrameworks/FamilyControls.framework/Versions/A/FamilyControls
0x0000000002c9d000 	/System/Library/PrivateFrameworks/CommerceKit.framework/Versions/A/Frameworks/CommerceCore.framework/Versions/A/CommerceCore
0x0000000002c9d000 	/System/Library/PrivateFrameworks/SystemAdministration.framework/Versions/A/SystemAdministration
0x0000000002c9d000 	/System/Library/PrivateFrameworks/AppContainer.framework/Versions/A/AppContainer
0x0000000002c9d000 	/System/Library/PrivateFrameworks/SecCodeWrapper.framework/Versions/A/SecCodeWrapper
0x0000000002c9d000 	/System/Library/Frameworks/DirectoryService.framework/Versions/A/DirectoryService
0x0000000002c9d000 	/System/Library/PrivateFrameworks/LoginUIKit.framework/Versions/A/Frameworks/LoginUICore.framework/Versions/A/LoginUICore
0x0000000002c9d000 	/usr/lib/libodfde.dylib
0x000000012827a000 	/System/Library/Frameworks/OpenGL.framework/Resources/GLEngine.bundle/GLEngine
0x0000000002c9d000 	/System/Library/Frameworks/OpenGL.framework/Versions/A/Libraries/libGLProgrammability.dylib
0x0000000128462000 	/System/Library/Extensions/AppleIntelHD5000GraphicsGLDriver.bundle/Contents/MacOS/AppleIntelHD5000GraphicsGLDriver
0x0000000002c9d000 	/System/Library/PrivateFrameworks/GPUSupport.framework/Versions/A/Libraries/libGPUSupportMercury.dylib
0x0000000002c9d000 	/System/Library/Extensions/GeForceGLDriver.bundle/Contents/MacOS/GeForceGLDriver
0x0000000002c9d000 	/System/Library/Extensions/GeForceGLDriver.bundle/Contents/MacOS/libclh.dylib
0x0000000128bb1000 	/System/Library/Frameworks/OpenGL.framework/Resources//GLRendererFloat.bundle/GLRendererFloat
0x000000012965e000 	/Library/Java/JavaVirtualMachines/jdk1.8.0_111.jdk/Contents/Home/jre/lib/libsplashscreen.dylib
0x00000001296b7000 	/Library/Java/JavaVirtualMachines/jdk1.8.0_111.jdk/Contents/Home/jre/lib/libfontmanager.dylib
0x00000001297fb000 	/Library/Java/JavaVirtualMachines/jdk1.8.0_111.jdk/Contents/Home/jre/lib/libosxui.dylib
0x000000012c1f6000 	/System/Library/Extensions/GeForceMTLDriver.bundle/Contents/MacOS/GeForceMTLDriver
0x000000012c326000 	/System/Library/Extensions/AppleIntelHD5000GraphicsMTLDriver.bundle/Contents/MacOS/AppleIntelHD5000GraphicsMTLDriver
0x0000000002c9d000 	/System/Library/Frameworks/ApplicationServices.framework/Versions/A/Frameworks/ATS.framework/Versions/A/Resources/libTrueTypeScaler.dylib
0x0000000126a15000 	/Applications/NetBeans/NetBeans 8.2.app/Contents/Resources/NetBeans/platform/modules/lib/libjnidispatch-422.jnilib
0x0000000002c9d000 	/System/Library/CoreServices/RawCamera.bundle/Contents/MacOS/RawCamera
0x000000012688f000 	/Library/Java/JavaVirtualMachines/jdk1.8.0_111.jdk/Contents/Home/jre/lib/libprism_es2.dylib
0x0000000189a71000 	/Library/Java/JavaVirtualMachines/jdk1.8.0_111.jdk/Contents/Home/jre/lib/libglass.dylib
0x0000000154914000 	/Library/Java/JavaVirtualMachines/jdk1.8.0_111.jdk/Contents/Home/jre/lib/libjavafx_font.dylib
0x000000012bba1000 	/Library/Java/JavaVirtualMachines/jdk1.8.0_111.jdk/Contents/Home/jre/lib/libdcpr.dylib
0x0000000126809000 	/Library/Java/JavaVirtualMachines/jdk1.8.0_111.jdk/Contents/Home/jre/lib/libmanagement.dylib

VM Arguments:
jvm_args: -Djdk.home=/Library/Java/JavaVirtualMachines/jdk1.8.0_111.jdk/Contents/Home -Dnetbeans.dirs=/Users/billooms/NetBeansProjects/COrnLathe3/build/cluster:/Applications/NetBeans/NetBeans 8.2.app/Contents/Resources/NetBeans/ide:/Applications/NetBeans/NetBeans 8.2.app/Contents/Resources/NetBeans/platform -Dnetbeans.home=/Applications/NetBeans/NetBeans 8.2.app/Contents/Resources/NetBeans/platform -Dnetbeans.logger.console=true -ea -DaddExports:java.desktop/com.apple.eawt=ALL-UNNAMED -DaddExports:java.desktop/sun.awt=ALL-UNNAMED -DaddExports:java.base/jdk.internal.jrtfs=ALL-UNNAMED -DaddExports:java.desktop/apple.laf=ALL-UNNAMED -DaddExports:java.desktop/java.awt.peer=ALL-UNNAMED -DaddExports:java.desktop/com.sun.beans.editors=ALL-UNNAMED -DaddExports:java.desktop/sun.awt.im=ALL-UNNAMED -DaddExports:java.management/sun.management=ALL-UNNAMED -XX:+HeapDumpOnOutOfMemoryError -XX:HeapDumpPath=/Users/billooms/NetBeansProjects/COrnLathe3/CutPoints/../build/testuserdir/var/log/heapdump.hprof 
java_command: org.netbeans.Main --cachedir /Users/billooms/NetBeansProjects/COrnLathe3/CutPoints/../build/testuserdir/var/cache --userdir /Users/billooms/NetBeansProjects/COrnLathe3/CutPoints/../build/testuserdir --branding cornlathe3
java_class_path (initial): /Applications/NetBeans/NetBeans 8.2.app/Contents/Resources/NetBeans/platform/lib/boot.jar:/Applications/NetBeans/NetBeans 8.2.app/Contents/Resources/NetBeans/platform/lib/org-openide-modules.jar:/Applications/NetBeans/NetBeans 8.2.app/Contents/Resources/NetBeans/platform/lib/org-openide-util-lookup.jar:/Applications/NetBeans/NetBeans 8.2.app/Contents/Resources/NetBeans/platform/lib/org-openide-util-ui.jar:/Applications/NetBeans/NetBeans 8.2.app/Contents/Resources/NetBeans/platform/lib/org-openide-util.jar:/Applications/NetBeans/NetBeans 8.2.app/Contents/Resources/NetBeans/platform/lib/locale/boot_ja.jar:/Applications/NetBeans/NetBeans 8.2.app/Contents/Resources/NetBeans/platform/lib/locale/boot_pt_BR.jar:/Applications/NetBeans/NetBeans 8.2.app/Contents/Resources/NetBeans/platform/lib/locale/boot_ru.jar:/Applications/NetBeans/NetBeans 8.2.app/Contents/Resources/NetBeans/platform/lib/locale/boot_zh_CN.jar:/Applications/NetBeans/NetBeans 8.2.app/Contents/Resources/NetBeans/platform/lib/locale/org-openide-modules_ja.jar:/Applications/NetBeans/NetBeans 8.2.app/Contents/Resources/NetBeans/platform/lib/locale/org-openide-modules_pt_BR.jar:/Applications/NetBeans/NetBeans 8.2.app/Contents/Resources/NetBeans/platform/lib/locale/org-openide-modules_ru.jar:/Applications/NetBeans/NetBeans 8.2.app/Contents/Resources/NetBeans/platform/lib/locale/org-openide-modules_zh_CN.jar:/Applications/NetBeans/NetBeans 8.2.app/Contents/Resources/NetBeans/platform/lib/locale/org-openide-util-lookup_ja.jar:/Applications/NetBeans/NetBeans 8.2.app/Contents/Resources/NetBeans/platform/lib/locale/org-openide-util-lookup_pt_BR.jar:/Applications/NetBeans/NetBeans 8.2.app/Contents/Resources/NetBeans/platform/lib/locale/org-openide-util-lookup_ru.jar:/Applications/NetBeans/NetBeans 8.2.app/Contents/Resources/NetBeans/platform/lib/locale/org-openide-util-lookup_zh_CN.jar:/Applications/NetBeans/NetBeans 8.2.app/Contents/Resources/NetBeans/platform/lib/locale/org-openide-util-u
Launcher Type: SUN_STANDARD

Environment Variables:
PATH=/usr/bin:/bin:/usr/sbin:/sbin
LD_LIBRARY_PATH=/Library/Java/JavaVirtualMachines/jdk1.8.0_111.jdk/Contents/Home/jre/lib/amd64:/Library/Java/JavaVirtualMachines/jdk1.8.0_111.jdk/Contents/Home/jre/lib/i386:
SHELL=/bin/bash

Signal Handlers:
SIGSEGV: [libjvm.dylib+0x5b03ed], sa_mask[0]=11111111011111110111111111111111, sa_flags=SA_ONSTACK|SA_RESTART|SA_SIGINFO
SIGBUS: [libjvm.dylib+0x5b03ed], sa_mask[0]=11111111011111110111111111111111, sa_flags=SA_RESTART|SA_SIGINFO
SIGFPE: [libjvm.dylib+0x48711c], sa_mask[0]=11111111011111110111111111111111, sa_flags=SA_RESTART|SA_SIGINFO
SIGPIPE: [libjvm.dylib+0x48711c], sa_mask[0]=11111111011111110111111111111111, sa_flags=SA_RESTART|SA_SIGINFO
SIGXFSZ: [libjvm.dylib+0x48711c], sa_mask[0]=11111111011111110111111111111111, sa_flags=SA_RESTART|SA_SIGINFO
SIGILL: [libjvm.dylib+0x48711c], sa_mask[0]=11111111011111110111111111111111, sa_flags=SA_RESTART|SA_SIGINFO
SIGUSR1: SIG_DFL, sa_mask[0]=00000000000000000000000000000000, sa_flags=none
SIGUSR2: [libjvm.dylib+0x486c3a], sa_mask[0]=00100000000000000000000000000000, sa_flags=SA_RESTART|SA_SIGINFO
SIGHUP: [libjvm.dylib+0x485211], sa_mask[0]=11111111011111110111111111111111, sa_flags=SA_RESTART|SA_SIGINFO
SIGINT: SIG_IGN, sa_mask[0]=00000000000000000000000000000000, sa_flags=none
SIGTERM: [libjvm.dylib+0x485211], sa_mask[0]=11111111011111110111111111111111, sa_flags=SA_RESTART|SA_SIGINFO
SIGQUIT: [libjvm.dylib+0x485211], sa_mask[0]=11111111011111110111111111111111, sa_flags=SA_RESTART|SA_SIGINFO


---------------  S Y S T E M  ---------------

OS:Bsduname:Darwin 15.6.0 Darwin Kernel Version 15.6.0: Tue Apr 11 16:00:51 PDT 2017; root:xnu-3248.60.11.5.3~1/RELEASE_X86_64 x86_64
rlimit: STACK 8192k, CORE 0k, NPROC 709, NOFILE 10240, AS infinity
load average:1.85 1.64 1.61

CPU:total 8 (4 cores per cpu, 2 threads per core) family 6 model 70 stepping 1, cmov, cx8, fxsr, mmx, sse, sse2, sse3, ssse3, sse4.1, sse4.2, popcnt, avx, avx2, aes, clmul, erms, rtm, lzcnt, ht, tsc, tscinvbit, bmi1, bmi2

Memory: 4k page, physical 16777216k(613536k free)

/proc/meminfo:


vm_info: Java HotSpot(TM) 64-Bit Server VM (25.111-b14) for bsd-amd64 JRE (1.8.0_111-b14), built on Sep 22 2016 15:31:41 by "java_re" with gcc 4.2.1 (Based on Apple Inc. build 5658) (LLVM build 2336.11.00)

time: Sun Jun  4 10:53:45 2017
elapsed time: 6 seconds (0d 0h 0m 6s)

